/index.php
/controller/admin load fail.
2018-06-13 14:17:16
::1

/index.php
/controller/admfor035/assets load fail.
2018-06-13 14:17:22
::1

/index.php
/controller/admfor035/assets load fail.
2018-06-13 14:17:55
::1

/index.php
/controller/admfor035/assets load fail.
2018-06-13 14:18:04
::1

/index.php
/controller/script load fail.
2018-06-13 14:24:49
::1

/index.php
/controller/script load fail.
2018-06-13 14:24:51
::1

/index.php
/controller/script load fail.
2018-06-13 14:25:08
::1

/index.php
/controller/script load fail.
2018-06-13 14:25:38
::1

/index.php
/controller/script load fail.
2018-06-13 14:27:13
::1

/index.php
/controller/script load fail.
2018-06-13 14:28:41
::1

/index.php
/controller/script load fail.
2018-06-13 14:32:38
::1

/index.php
/controller/script load fail.
2018-06-13 14:32:39
::1

/index.php
/controller/script load fail.
2018-06-13 14:33:19
::1

/index.php
/controller/script load fail.
2018-06-13 14:33:53
::1

/index.php
/controller/script load fail.
2018-06-13 14:33:54
::1

/index.php
/controller/script load fail.
2018-06-13 14:34:35
::1

/index.php
/controller/script load fail.
2018-06-13 14:34:36
::1

/index.php
/controller/js load fail.
2018-06-13 14:34:47
::1

/index.php
/controller/script load fail.
2018-06-13 14:36:12
::1

/index.php
/controller/script load fail.
2018-06-13 14:36:14
::1

/index.php
/controller/script load fail.
2018-06-13 14:36:26
::1

/index.php
/controller/script load fail.
2018-06-13 14:36:27
::1

/index.php
/controller/script load fail.
2018-06-13 14:38:54
::1

/index.php
/controller/script load fail.
2018-06-13 14:40:15
::1

/index.php
/controller/script load fail.
2018-06-13 14:40:17
::1

/index.php
/controller/script load fail.
2018-06-13 14:50:20
::1

/index.php
/controller/script load fail.
2018-06-13 14:58:22
::1

/index.php
/controller/script load fail.
2018-06-13 14:58:36
::1

/index.php
/controller/script load fail.
2018-06-13 15:01:05
::1

/index.php
/controller/script load fail.
2018-06-13 15:01:07
::1

/index.php
/controller/script load fail.
2018-06-13 15:01:31
::1

/index.php
/controller/script load fail.
2018-06-13 15:01:36
::1

/index.php
/controller/script load fail.
2018-06-13 15:01:46
::1

/index.php
/controller/script load fail.
2018-06-13 15:01:48
::1

/index.php
/controller/script load fail.
2018-06-13 15:03:24
::1

/index.php
/controller/script load fail.
2018-06-13 15:05:05
::1

/index.php
/controller/script load fail.
2018-06-13 15:11:21
::1

/index.php
/controller/script load fail.
2018-06-13 15:11:42
::1

/index.php
/controller/script load fail.
2018-06-13 15:13:38
::1

/index.php
/controller/script load fail.
2018-06-13 15:13:40
::1

/index.php
/controller/script load fail.
2018-06-13 15:17:58
::1

/index.php
/controller/script load fail.
2018-06-13 15:18:01
::1

/index.php
/controller/script load fail.
2018-06-13 15:18:16
::1

/index.php
/controller/script load fail.
2018-06-13 15:19:21
::1

/index.php
/controller/script load fail.
2018-06-13 15:20:41
::1

/index.php
/controller/script load fail.
2018-06-13 15:20:42
::1

/index.php
/controller/script load fail.
2018-06-13 15:24:49
::1

/index.php
/controller/script load fail.
2018-06-13 15:24:52
::1

/index.php
/controller/script load fail.
2018-06-13 15:26:26
::1

/index.php
/controller/script load fail.
2018-06-13 15:26:28
::1

/index.php
/controller/script load fail.
2018-06-13 15:28:08
::1

/index.php
/controller/script load fail.
2018-06-13 15:28:09
::1

/index.php
/controller/script load fail.
2018-06-13 15:29:46
::1

/index.php
/controller/pay load fail.
2018-06-13 15:29:48
::1

/index.php
/controller/script load fail.
2018-06-13 15:33:49
::1

/index.php
/controller/script load fail.
2018-06-13 15:33:50
::1

/index.php
/controller/pay load fail.
2018-06-13 15:33:52
::1

/index.php
/controller/script load fail.
2018-06-13 15:36:10
::1

/index.php
/controller/pay load fail.
2018-06-13 15:36:11
::1

/index.php
/controller/script load fail.
2018-06-13 15:39:01
::1

/index.php
/controller/script load fail.
2018-06-13 15:39:02
::1

/index.php
/controller/script load fail.
2018-06-13 15:42:03
::1

/index.php
/controller/script load fail.
2018-06-13 15:42:05
::1

/index.php
/controller/script load fail.
2018-06-13 15:42:30
::1

/index.php
/controller/script load fail.
2018-06-13 15:45:32
::1

/index.php
/controller/script load fail.
2018-06-13 15:45:34
::1

/index.php
/controller/script load fail.
2018-06-13 15:45:48
::1

/index.php
/controller/script load fail.
2018-06-13 15:45:49
::1

/index.php
/controller/script load fail.
2018-06-13 15:46:32
::1

/index.php
/controller/script load fail.
2018-06-13 15:47:14
::1

/index.php
/controller/wy load fail.
2018-06-13 15:48:15
::1

/index.php
/controller/admin load fail.
2018-06-13 15:48:17
::1

/index.php
/controller/script load fail.
2018-06-13 15:48:19
::1

/index.php
/controller/script load fail.
2018-06-13 15:49:05
::1

/index.php
/controller/js load fail.
2018-06-13 15:49:05
::1

/index.php
/controller/2018 load fail.
2018-06-13 15:49:05
::1

/index.php
/controller/script load fail.
2018-06-13 15:49:08
::1

/index.php
/controller/js load fail.
2018-06-13 15:49:09
::1

/index.php
/controller/2018 load fail.
2018-06-13 15:49:09
::1

/index.php
/controller/script load fail.
2018-06-13 15:49:10
::1

/index.php
/controller/js load fail.
2018-06-13 15:49:10
::1

/index.php
/controller/2018 load fail.
2018-06-13 15:49:10
::1

/index.php
/controller/script load fail.
2018-06-13 15:49:13
::1

/index.php
/controller/demo load fail.
2018-06-13 15:49:13
::1

/index.php
/controller/script load fail.
2018-06-13 15:52:14
::1

/index.php
/controller/script load fail.
2018-06-13 15:52:15
::1

/index.php
/controller/script load fail.
2018-06-13 15:52:54
::1

/index.php
/controller/script load fail.
2018-06-13 15:53:04
::1

/index.php
/controller/demo load fail.
2018-06-13 15:53:04
::1

/index.php
/controller/script load fail.
2018-06-13 15:53:13
::1

/index.php
/controller/script load fail.
2018-06-13 15:53:14
::1

/index.php
/controller/script load fail.
2018-06-13 15:53:41
::1

/index.php
/controller/script load fail.
2018-06-13 15:53:45
::1

/index.php
/controller/script load fail.
2018-06-13 15:53:50
::1

/index.php
/controller/demo load fail.
2018-06-13 15:53:50
::1

/index.php
/controller/demo load fail.
2018-06-13 15:55:08
::1

/index.php
/controller/demo load fail.
2018-06-13 15:55:21
::1

/index.php
/controller/demo load fail.
2018-06-13 15:55:23
::1

/index.php
/controller/demo load fail.
2018-06-13 15:55:24
::1

/index.php
/controller/demo load fail.
2018-06-13 15:55:26
::1

/index.php
/controller/demo load fail.
2018-06-13 15:55:28
::1

/index.php
/controller/script load fail.
2018-06-13 15:57:10
::1

/index.php
/controller/script load fail.
2018-06-13 15:57:11
::1

/index.php
/controller/script load fail.
2018-06-13 15:57:16
::1

/index.php
/controller/demo load fail.
2018-06-13 15:57:16
::1

/index.php
/controller/demo load fail.
2018-06-13 15:57:19
::1

/index.php
/controller/script load fail.
2018-06-13 15:57:57
::1

/index.php
/controller/demo load fail.
2018-06-13 15:58:01
::1

/index.php
/controller/script load fail.
2018-06-13 15:58:16
::1

/index.php
/controller/script load fail.
2018-06-13 15:58:21
::1

/index.php
/controller/demo load fail.
2018-06-13 15:58:21
::1

/index.php
/controller/demo load fail.
2018-06-13 15:59:16
::1

/index.php
/controller/demo load fail.
2018-06-13 15:59:25
::1

/index.php
/controller/demo load fail.
2018-06-13 16:00:26
::1

/index.php
/controller/demo load fail.
2018-06-13 16:00:29
::1

/index.php
/controller/demo load fail.
2018-06-13 16:00:49
::1

/index.php
/controller/script load fail.
2018-06-13 16:06:53
::1

/index.php
/controller/script load fail.
2018-06-13 16:06:58
::1

/index.php
/controller/script load fail.
2018-06-13 16:07:02
::1

/index.php
/controller/js load fail.
2018-06-13 16:07:03
::1

/index.php
/controller/2018 load fail.
2018-06-13 16:07:03
::1

/index.php
/controller/script load fail.
2018-06-13 16:07:07
::1

/index.php
/controller/demo load fail.
2018-06-13 16:07:07
::1

/index.php
/controller/demo load fail.
2018-06-13 16:09:14
::1

/index.php
/controller/demo load fail.
2018-06-13 16:09:37
::1

/index.php
/controller/script load fail.
2018-06-13 16:12:02
::1

/index.php
/controller/script load fail.
2018-06-13 16:12:07
::1

/index.php
/controller/script load fail.
2018-06-13 16:12:10
::1

/index.php
/controller/demo load fail.
2018-06-13 16:12:10
::1

/index.php
/controller/demo load fail.
2018-06-13 16:12:34
::1

/index.php
/controller/script load fail.
2018-06-13 16:29:00
::1

/index.php
/controller/script load fail.
2018-06-13 16:29:03
::1

/index.php
/controller/script load fail.
2018-06-13 16:29:07
::1

/index.php
/controller/demo load fail.
2018-06-13 16:29:07
::1

/index.php
/controller/demo load fail.
2018-06-13 16:29:24
::1

/pay/aliwap_alipaywap/send.php
woodyapp load fail.
2018-06-13 16:29:25
::1

/index.php
/controller/demo load fail.
2018-06-13 16:29:53
::1

/pay/aliwap_alipaywap/send.php
woodyapp load fail.
2018-06-13 16:29:54
::1

/pay/aliwap_alipaywap/send.php
woodyapp load fail.
2018-06-13 16:30:00
::1

/index.php
/controller/demo load fail.
2018-06-13 16:30:14
::1

/index.php
/controller/demo load fail.
2018-06-13 16:30:17
::1

/index.php
/controller/demo load fail.
2018-06-13 16:40:37
::1

/index.php
/controller/demo load fail.
2018-06-13 16:41:04
::1

/index.php
/controller/demo load fail.
2018-06-13 16:41:36
::1

/index.php
/controller/demo load fail.
2018-06-13 16:41:52
::1

/index.php
/controller/demo load fail.
2018-06-13 16:43:19
::1

/index.php
/controller/demo load fail.
2018-06-13 16:49:43
::1

/index.php
/controller/demo load fail.
2018-06-13 16:50:25
::1

/index.php
/controller/script load fail.
2018-06-13 16:53:16
::1

/index.php
/controller/script load fail.
2018-06-13 16:53:21
::1

/index.php
/controller/script load fail.
2018-06-13 16:53:23
::1

/index.php
/controller/demo load fail.
2018-06-13 16:53:24
::1

/index.php
/controller/demo load fail.
2018-06-13 16:53:29
::1

/index.php
/controller/demo load fail.
2018-06-13 16:53:35
::1

/index.php
/controller/demo load fail.
2018-06-13 16:53:38
::1

/index.php
/controller/demo load fail.
2018-06-13 16:58:30
::1

/index.php
/controller/script load fail.
2018-06-13 17:01:26
::1

/index.php
/controller/script load fail.
2018-06-13 17:01:28
::1

/index.php
/controller/demo load fail.
2018-06-13 17:01:29
::1

/index.php
/controller/demo load fail.
2018-06-13 17:01:32
::1

/index.php
/controller/demo load fail.
2018-06-13 17:02:31
::1

/index.php
/controller/demo load fail.
2018-06-13 17:05:26
::1

/index.php
/controller/demo load fail.
2018-06-13 17:05:41
::1

/index.php
/controller/demo load fail.
2018-06-13 17:07:28
::1

/index.php
/controller/demo load fail.
2018-06-13 17:09:21
::1

/index.php
/controller/demo load fail.
2018-06-13 17:09:42
::1

/index.php
/controller/demo load fail.
2018-06-13 17:09:44
::1

/index.php
/controller/demo load fail.
2018-06-13 17:09:47
::1

/index.php
/controller/demo load fail.
2018-06-13 17:09:49
::1

/index.php
/controller/demo load fail.
2018-06-13 17:09:51
::1

/index.php
/controller/demo load fail.
2018-06-13 17:11:00
::1

/index.php
/controller/demo load fail.
2018-06-13 17:11:05
::1

/index.php
/controller/demo load fail.
2018-06-13 17:11:15
::1

/index.php
/controller/demo load fail.
2018-06-13 17:11:33
::1

/index.php
/controller/demo load fail.
2018-06-13 17:11:35
::1

/index.php
/controller/demo load fail.
2018-06-13 17:11:37
::1

/index.php
/controller/demo load fail.
2018-06-13 17:12:58
::1

/index.php
/controller/demo load fail.
2018-06-13 17:13:01
::1

/index.php
/controller/demo load fail.
2018-06-13 17:13:04
::1

/index.php
/controller/demo load fail.
2018-06-13 17:13:42
::1

/index.php
/controller/demo load fail.
2018-06-13 17:14:55
::1

/index.php
/controller/demo load fail.
2018-06-13 17:17:50
::1

/index.php
/controller/demo load fail.
2018-06-13 17:17:52
::1

/index.php
/controller/demo load fail.
2018-06-13 17:18:24
::1

/index.php
/controller/demo load fail.
2018-06-13 17:18:30
::1

/index.php
/controller/demo load fail.
2018-06-13 17:20:09
::1

/index.php
/controller/demo load fail.
2018-06-13 17:20:13
::1

/index.php
/controller/demo load fail.
2018-06-13 17:20:16
::1

/index.php
/controller/demo load fail.
2018-06-13 17:20:19
::1

/index.php
/controller/demo load fail.
2018-06-13 17:20:22
::1

/index.php
/controller/demo load fail.
2018-06-13 17:20:56
::1

/index.php
/controller/demo load fail.
2018-06-13 17:20:59
::1

/index.php
/controller/demo load fail.
2018-06-13 17:21:24
::1

/index.php
/controller/demo load fail.
2018-06-13 17:22:38
::1

/index.php
/controller/demo load fail.
2018-06-13 17:23:16
::1

/index.php
/controller/demo load fail.
2018-06-13 17:23:22
::1

/index.php
/controller/demo load fail.
2018-06-13 17:23:34
::1

/index.php
/controller/demo load fail.
2018-06-13 17:24:13
::1

/index.php
/controller/demo load fail.
2018-06-13 17:25:29
::1

/index.php
/controller/demo load fail.
2018-06-13 17:26:03
::1

/index.php
/controller/demo load fail.
2018-06-13 17:26:06
::1

/index.php
/controller/demo load fail.
2018-06-13 17:26:09
::1

/index.php
/controller/demo load fail.
2018-06-13 17:26:32
::1

/index.php
/controller/demo load fail.
2018-06-13 17:26:35
::1

/index.php
/controller/demo load fail.
2018-06-13 17:28:12
::1

/index.php
/controller/demo load fail.
2018-06-13 17:28:36
::1

/index.php
/controller/demo load fail.
2018-06-13 17:29:02
::1

/index.php
/controller/demo load fail.
2018-06-13 17:29:05
::1

/index.php
/controller/demo load fail.
2018-06-13 17:29:22
::1

/index.php
/controller/demo load fail.
2018-06-13 17:29:24
::1

/index.php
/controller/demo load fail.
2018-06-13 17:29:39
::1

/index.php
/controller/demo load fail.
2018-06-13 17:29:42
::1

/index.php
/controller/demo load fail.
2018-06-13 17:30:08
::1

/index.php
/controller/demo load fail.
2018-06-13 17:30:12
::1

/index.php
/controller/demo load fail.
2018-06-13 17:30:14
::1

/index.php
/controller/script load fail.
2018-06-13 17:30:48
::1

/index.php
/controller/script load fail.
2018-06-13 17:30:49
::1

/index.php
/controller/script load fail.
2018-06-13 17:39:41
::1

/index.php
/controller/script load fail.
2018-06-13 17:39:42
::1

/index.php
/controller/script load fail.
2018-06-13 17:40:49
::1

/index.php
/controller/js load fail.
2018-06-13 17:40:51
::1

/index.php
/controller/js load fail.
2018-06-13 17:40:53
::1

/index.php
/controller/js load fail.
2018-06-13 17:41:19
::1

/index.php
/controller/js load fail.
2018-06-13 17:41:20
::1

/index.php
/controller/script load fail.
2018-06-13 17:41:23
::1

/index.php
/controller/script load fail.
2018-06-13 17:42:36
::1

/index.php
/controller/script load fail.
2018-06-13 17:42:47
::1

/index.php
/controller/script load fail.
2018-06-13 17:45:27
::1

/index.php
/controller/script load fail.
2018-06-13 17:45:28
::1

/index.php
/controller/script load fail.
2018-06-13 17:47:28
::1

/index.php
/controller/script load fail.
2018-06-13 17:47:29
::1

/index.php
/controller/script load fail.
2018-06-13 17:48:04
::1

/index.php
/controller/script load fail.
2018-06-13 17:53:06
::1

/index.php
/controller/script load fail.
2018-06-13 17:54:58
::1

/index.php
/controller/script load fail.
2018-06-13 17:56:00
::1

/index.php
/controller/script load fail.
2018-06-13 17:56:57
::1

/index.php
/controller/js load fail.
2018-06-13 17:57:14
::1

/index.php
/controller/js load fail.
2018-06-13 17:58:15
::1

/index.php
/controller/js load fail.
2018-06-13 17:58:16
::1

/index.php
/controller/script load fail.
2018-06-13 17:58:20
::1

/index.php
/controller/js load fail.
2018-06-13 17:58:25
::1

/index.php
/controller/js load fail.
2018-06-13 17:58:31
::1

/index.php
/controller/js load fail.
2018-06-13 17:59:32
::1

/index.php
/controller/script load fail.
2018-06-13 17:59:47
::1

/index.php
/controller/js load fail.
2018-06-13 18:00:06
::1

/index.php
/controller/js load fail.
2018-06-13 18:00:51
::1

/index.php
/controller/js load fail.
2018-06-13 18:01:09
::1

/index.php
/controller/js load fail.
2018-06-13 18:01:12
::1

/index.php
/controller/js load fail.
2018-06-13 18:02:01
::1

/index.php
/controller/script load fail.
2018-06-13 18:02:04
::1

/index.php
/controller/js load fail.
2018-06-13 18:02:06
::1

/index.php
/controller/js load fail.
2018-06-13 18:02:25
::1

/index.php
/controller/js load fail.
2018-06-13 18:02:36
::1

/index.php
/controller/js load fail.
2018-06-13 18:02:46
::1

/index.php
/controller/script load fail.
2018-06-13 18:02:50
::1

/index.php
/controller/js load fail.
2018-06-13 18:02:54
::1

/index.php
/controller/script load fail.
2018-06-13 18:02:55
::1

/index.php
/controller/js load fail.
2018-06-13 18:03:03
::1

/index.php
/controller/admfor035/assets load fail.
2018-06-13 18:03:11
::1

/index.php
/controller/script load fail.
2018-06-13 18:08:47
::1

/index.php
/controller/js load fail.
2018-06-13 18:08:52
::1

/index.php
/controller/js load fail.
2018-06-13 18:09:04
::1

/index.php
/controller/script load fail.
2018-06-13 18:13:52
::1

/index.php
/controller/js load fail.
2018-06-13 18:13:54
::1

/index.php
/controller/js load fail.
2018-06-13 18:14:07
::1

/index.php
/controller/js load fail.
2018-06-13 18:18:10
::1

/index.php
/controller/js load fail.
2018-06-13 18:18:32
::1

/index.php
/controller/2018 load fail.
2018-06-13 18:18:32
::1

/index.php
/controller/js load fail.
2018-06-13 18:19:01
::1

/index.php
/controller/2018 load fail.
2018-06-13 18:19:01
::1

/index.php
/controller/js load fail.
2018-06-13 18:19:48
::1

/index.php
/controller/2018 load fail.
2018-06-13 18:19:48
::1

/index.php
/controller/js load fail.
2018-06-13 18:20:24
::1

/index.php
/controller/2018 load fail.
2018-06-13 18:20:24
::1

/index.php
/controller/admfor035/assets load fail.
2018-06-13 18:38:02
::1

/index.php
/controller/script load fail.
2018-06-13 18:46:52
::1

/index.php
/controller/script load fail.
2018-06-13 18:50:58
::1

/index.php
/controller/script load fail.
2018-06-13 18:51:09
::1

/index.php
/controller/script load fail.
2018-06-13 19:09:20
::1

/index.php
/controller/admfor035/assets load fail.
2018-06-13 19:09:24
::1

/index.php
/controller/script load fail.
2018-06-13 21:20:08
39.189.248.247

/index.php
/controller/static load fail.
2018-06-13 21:20:10
39.189.248.247

/index.php
/controller/static load fail.
2018-06-13 21:20:10
39.189.248.247

/index.php
/controller/static load fail.
2018-06-13 21:20:11
39.189.248.247

/index.php
/controller/static load fail.
2018-06-13 21:20:11
39.189.248.247

/index.php
/controller/static load fail.
2018-06-13 21:20:17
39.189.248.247

/index.php
/controller/static load fail.
2018-06-13 21:20:17
39.189.248.247

/index.php
/controller/static load fail.
2018-06-13 21:20:17
39.189.248.247

/index.php
/controller/static load fail.
2018-06-13 21:20:17
39.189.248.247

/index.php
/controller/static load fail.
2018-06-13 21:20:55
39.189.248.247

/index.php
/controller/static load fail.
2018-06-13 21:20:55
39.189.248.247

/index.php
/controller/static load fail.
2018-06-13 21:20:55
39.189.248.247

/index.php
/controller/static load fail.
2018-06-13 21:20:55
39.189.248.247

/index.php
/controller/static load fail.
2018-06-13 21:20:57
39.189.248.247

/index.php
/controller/static load fail.
2018-06-13 21:20:57
39.189.248.247

/index.php
/controller/static load fail.
2018-06-13 21:20:57
39.189.248.247

/index.php
/controller/static load fail.
2018-06-13 21:20:57
39.189.248.247

/index.php
/controller/static load fail.
2018-06-13 21:20:58
39.189.248.247

/index.php
/controller/static load fail.
2018-06-13 21:20:58
39.189.248.247

/index.php
/controller/static load fail.
2018-06-13 21:20:58
39.189.248.247

/index.php
/controller/static load fail.
2018-06-13 21:20:58
39.189.248.247

/index.php
/controller/static load fail.
2018-06-13 21:21:05
39.189.248.247

/index.php
/controller/static load fail.
2018-06-13 21:21:05
39.189.248.247

/index.php
/controller/static load fail.
2018-06-13 21:21:06
39.189.248.247

/index.php
/controller/static load fail.
2018-06-13 21:21:06
39.189.248.247

/index.php
/controller/static load fail.
2018-06-13 21:21:06
39.189.248.247

/index.php
/controller/static load fail.
2018-06-13 21:21:06
39.189.248.247

/index.php
/controller/static load fail.
2018-06-13 21:21:06
39.189.248.247

/index.php
/controller/static load fail.
2018-06-13 21:21:06
39.189.248.247

/index.php
/controller/static load fail.
2018-06-13 21:22:39
39.189.248.247

/index.php
/controller/static load fail.
2018-06-13 21:22:39
39.189.248.247

/index.php
/controller/static load fail.
2018-06-13 21:22:39
39.189.248.247

/index.php
/controller/static load fail.
2018-06-13 21:22:39
39.189.248.247

/index.php
/controller/static load fail.
2018-06-13 21:22:40
39.189.248.247

/index.php
/controller/static load fail.
2018-06-13 21:22:40
39.189.248.247

/index.php
/controller/static load fail.
2018-06-13 21:22:40
39.189.248.247

/index.php
/controller/static load fail.
2018-06-13 21:22:40
39.189.248.247

/index.php
/controller/static load fail.
2018-06-13 21:22:41
39.189.248.247

/index.php
/controller/static load fail.
2018-06-13 21:22:41
39.189.248.247

/index.php
/controller/static load fail.
2018-06-13 21:22:41
39.189.248.247

/index.php
/controller/static load fail.
2018-06-13 21:22:41
39.189.248.247

/index.php
/controller/static load fail.
2018-06-13 21:22:45
39.189.248.247

/index.php
/controller/static load fail.
2018-06-13 21:22:45
39.189.248.247

/index.php
/controller/static load fail.
2018-06-13 21:22:45
39.189.248.247

/index.php
/controller/static load fail.
2018-06-13 21:22:45
39.189.248.247

/index.php
/controller/static load fail.
2018-06-13 21:22:46
39.189.248.247

/index.php
/controller/static load fail.
2018-06-13 21:22:46
39.189.248.247

/index.php
/controller/static load fail.
2018-06-13 21:22:46
39.189.248.247

/index.php
/controller/static load fail.
2018-06-13 21:22:46
39.189.248.247

/index.php
/controller/static load fail.
2018-06-13 21:22:47
39.189.248.247

/index.php
/controller/static load fail.
2018-06-13 21:22:47
39.189.248.247

/index.php
/controller/static load fail.
2018-06-13 21:22:47
39.189.248.247

/index.php
/controller/static load fail.
2018-06-13 21:22:47
39.189.248.247

/index.php
/controller/static load fail.
2018-06-13 21:23:10
39.189.248.247

/index.php
/controller/static load fail.
2018-06-13 21:23:10
39.189.248.247

/index.php
/controller/static load fail.
2018-06-13 21:23:10
39.189.248.247

/index.php
/controller/static load fail.
2018-06-13 21:23:10
39.189.248.247

/index.php
/controller/static load fail.
2018-06-13 21:23:12
39.189.248.247

/index.php
/controller/static load fail.
2018-06-13 21:23:12
39.189.248.247

/index.php
/controller/static load fail.
2018-06-13 21:23:12
39.189.248.247

/index.php
/controller/static load fail.
2018-06-13 21:23:12
39.189.248.247

/index.php
/controller/static load fail.
2018-06-13 21:23:13
39.189.248.247

/index.php
/controller/static load fail.
2018-06-13 21:23:13
39.189.248.247

/index.php
/controller/static load fail.
2018-06-13 21:23:13
39.189.248.247

/index.php
/controller/static load fail.
2018-06-13 21:23:13
39.189.248.247

/index.php
/controller/static load fail.
2018-06-13 21:23:14
39.189.248.247

/index.php
/controller/static load fail.
2018-06-13 21:23:14
39.189.248.247

/index.php
/controller/static load fail.
2018-06-13 21:23:14
39.189.248.247

/index.php
/controller/static load fail.
2018-06-13 21:23:14
39.189.248.247

/index.php
/controller/static load fail.
2018-06-13 21:24:49
39.189.248.247

/index.php
/controller/static load fail.
2018-06-13 21:24:49
39.189.248.247

/index.php
/controller/static load fail.
2018-06-13 21:24:49
39.189.248.247

/index.php
/controller/static load fail.
2018-06-13 21:24:49
39.189.248.247

/index.php
/controller/static load fail.
2018-06-13 21:24:54
39.189.248.247

/index.php
/controller/static load fail.
2018-06-13 21:24:54
39.189.248.247

/index.php
/controller/static load fail.
2018-06-13 21:24:54
39.189.248.247

/index.php
/controller/static load fail.
2018-06-13 21:24:54
39.189.248.247

/index.php
/controller/static load fail.
2018-06-13 21:25:19
39.189.248.247

/index.php
/controller/static load fail.
2018-06-13 21:25:19
39.189.248.247

/index.php
/controller/static load fail.
2018-06-13 21:25:19
39.189.248.247

/index.php
/controller/static load fail.
2018-06-13 21:25:20
39.189.248.247

/index.php
/controller/static load fail.
2018-06-13 21:25:22
39.189.248.247

/index.php
/controller/static load fail.
2018-06-13 21:25:22
39.189.248.247

/index.php
/controller/static load fail.
2018-06-13 21:25:22
39.189.248.247

/index.php
/controller/static load fail.
2018-06-13 21:25:22
39.189.248.247

/index.php
/controller/static load fail.
2018-06-13 21:25:33
39.189.248.247

/index.php
/controller/static load fail.
2018-06-13 21:25:33
39.189.248.247

/index.php
/controller/static load fail.
2018-06-13 21:25:33
39.189.248.247

/index.php
/controller/static load fail.
2018-06-13 21:25:34
39.189.248.247

/index.php
/controller/static load fail.
2018-06-13 21:25:35
39.189.248.247

/index.php
/controller/static load fail.
2018-06-13 21:25:35
39.189.248.247

/index.php
/controller/static load fail.
2018-06-13 21:25:35
39.189.248.247

/index.php
/controller/static load fail.
2018-06-13 21:25:35
39.189.248.247

/index.php
/controller/static load fail.
2018-06-13 21:25:36
39.189.248.247

/index.php
/controller/static load fail.
2018-06-13 21:25:36
39.189.248.247

/index.php
/controller/static load fail.
2018-06-13 21:25:36
39.189.248.247

/index.php
/controller/static load fail.
2018-06-13 21:25:36
39.189.248.247

/index.php
/controller/static load fail.
2018-06-13 21:25:37
39.189.248.247

/index.php
/controller/static load fail.
2018-06-13 21:25:59
39.189.248.247

/index.php
/controller/static load fail.
2018-06-13 21:25:59
39.189.248.247

/index.php
/controller/static load fail.
2018-06-13 21:25:59
39.189.248.247

/index.php
/controller/static load fail.
2018-06-13 21:25:59
39.189.248.247

/index.php
/controller/static load fail.
2018-06-13 21:25:59
39.189.248.247

/index.php
/controller/static load fail.
2018-06-13 21:26:00
39.189.248.247

/index.php
/controller/static load fail.
2018-06-13 21:26:00
39.189.248.247

/index.php
/controller/static load fail.
2018-06-13 21:27:01
39.189.248.247

/index.php
/controller/static load fail.
2018-06-13 21:27:01
39.189.248.247

/index.php
/controller/static load fail.
2018-06-13 21:27:02
39.189.248.247

/index.php
/controller/static load fail.
2018-06-13 21:27:02
39.189.248.247

/index.php
/controller/script load fail.
2018-06-13 21:27:13
39.189.248.247

/index.php
/controller/static load fail.
2018-06-13 21:27:14
39.189.248.247

/index.php
/controller/static load fail.
2018-06-13 21:27:14
39.189.248.247

/index.php
/controller/static load fail.
2018-06-13 21:27:14
39.189.248.247

/index.php
/controller/static load fail.
2018-06-13 21:27:14
39.189.248.247

/index.php
/controller/static load fail.
2018-06-13 21:27:26
39.189.248.247

/index.php
/controller/static load fail.
2018-06-13 21:27:26
39.189.248.247

/index.php
/controller/static load fail.
2018-06-13 21:27:26
39.189.248.247

/index.php
/controller/static load fail.
2018-06-13 21:27:26
39.189.248.247

/index.php
/controller/script load fail.
2018-06-13 21:27:31
39.189.248.247

/index.php
/controller/js load fail.
2018-06-13 21:27:34
39.189.248.247

/index.php
/controller/static load fail.
2018-06-13 21:28:03
39.189.248.247

/index.php
/controller/static load fail.
2018-06-13 21:28:03
39.189.248.247

/index.php
/controller/static load fail.
2018-06-13 21:28:03
39.189.248.247

/index.php
/controller/static load fail.
2018-06-13 21:28:03
39.189.248.247

/index.php
/controller/2018new load fail.
2018-06-13 21:28:36
39.189.248.247

/index.php
/controller/js load fail.
2018-06-13 21:29:59
39.189.248.247

/index.php
/controller/static load fail.
2018-06-13 21:31:08
39.189.248.247

/index.php
/controller/static load fail.
2018-06-13 21:31:08
39.189.248.247

/index.php
/controller/static load fail.
2018-06-13 21:31:08
39.189.248.247

/index.php
/controller/static load fail.
2018-06-13 21:31:08
39.189.248.247

/index.php
/controller/static load fail.
2018-06-13 21:31:37
39.189.248.247

/index.php
/controller/static load fail.
2018-06-13 21:31:37
39.189.248.247

/index.php
/controller/static load fail.
2018-06-13 21:31:38
39.189.248.247

/index.php
/controller/static load fail.
2018-06-13 21:31:41
39.189.248.247

/index.php
/controller/static load fail.
2018-06-13 21:31:44
39.189.248.247

/index.php
/controller/static load fail.
2018-06-13 21:31:44
39.189.248.247

/index.php
/controller/static load fail.
2018-06-13 21:31:50
39.189.248.247

/index.php
/controller/static load fail.
2018-06-13 21:31:53
39.189.248.247

/index.php
/controller/static load fail.
2018-06-13 21:32:02
39.189.248.247

/index.php
/controller/static load fail.
2018-06-13 21:32:03
39.189.248.247

/index.php
/controller/static load fail.
2018-06-13 21:32:05
39.189.248.247

/index.php
/controller/static load fail.
2018-06-13 21:34:13
39.189.248.247

/index.php
/controller/static load fail.
2018-06-13 21:34:13
39.189.248.247

/index.php
/controller/static load fail.
2018-06-13 21:34:13
39.189.248.247

/index.php
/controller/static load fail.
2018-06-13 21:34:13
39.189.248.247

/index.php
/controller/static load fail.
2018-06-13 21:34:26
39.189.248.247

/index.php
/controller/static load fail.
2018-06-13 21:34:27
39.189.248.247

/index.php
/controller/static load fail.
2018-06-13 21:34:27
39.189.248.247

/index.php
/controller/static load fail.
2018-06-13 21:34:27
39.189.248.247

/index.php
/controller/static load fail.
2018-06-13 21:34:27
39.189.248.247

/index.php
/controller/static load fail.
2018-06-13 21:34:27
39.189.248.247

/index.php
/controller/static load fail.
2018-06-13 21:34:27
39.189.248.247

/index.php
/controller/static load fail.
2018-06-13 21:34:29
39.189.248.247

/index.php
/controller/static load fail.
2018-06-13 21:34:34
39.189.248.247

/index.php
/controller/static load fail.
2018-06-13 21:34:34
39.189.248.247

/index.php
/controller/static load fail.
2018-06-13 21:34:34
39.189.248.247

/index.php
/controller/static load fail.
2018-06-13 21:34:34
39.189.248.247

/index.php
/controller/static load fail.
2018-06-13 21:34:36
39.189.248.247

/index.php
/controller/static load fail.
2018-06-13 21:34:36
39.189.248.247

/index.php
/controller/static load fail.
2018-06-13 21:34:36
39.189.248.247

/index.php
/controller/static load fail.
2018-06-13 21:34:36
39.189.248.247

/index.php
/controller/static load fail.
2018-06-13 21:34:41
39.189.248.247

/index.php
/controller/static load fail.
2018-06-13 21:34:41
39.189.248.247

/index.php
/controller/static load fail.
2018-06-13 21:34:41
39.189.248.247

/index.php
/controller/static load fail.
2018-06-13 21:34:41
39.189.248.247

/index.php
/controller/static load fail.
2018-06-13 21:34:42
39.189.248.247

/index.php
/controller/static load fail.
2018-06-13 21:34:42
39.189.248.247

/index.php
/controller/static load fail.
2018-06-13 21:34:42
39.189.248.247

/index.php
/controller/static load fail.
2018-06-13 21:34:42
39.189.248.247

/index.php
/controller/static load fail.
2018-06-13 21:34:43
39.189.248.247

/index.php
/controller/static load fail.
2018-06-13 21:34:43
39.189.248.247

/index.php
/controller/static load fail.
2018-06-13 21:34:43
39.189.248.247

/index.php
/controller/static load fail.
2018-06-13 21:34:43
39.189.248.247

/index.php
/controller/static load fail.
2018-06-13 21:35:48
39.189.248.247

/index.php
/controller/static load fail.
2018-06-13 21:35:48
39.189.248.247

/index.php
/controller/static load fail.
2018-06-13 21:35:48
39.189.248.247

/index.php
/controller/static load fail.
2018-06-13 21:35:48
39.189.248.247

/index.php
/controller/static load fail.
2018-06-13 21:35:50
39.189.248.247

/index.php
/controller/static load fail.
2018-06-13 21:35:50
39.189.248.247

/index.php
/controller/static load fail.
2018-06-13 21:35:50
39.189.248.247

/index.php
/controller/static load fail.
2018-06-13 21:35:50
39.189.248.247

/index.php
/controller/script load fail.
2018-06-13 21:35:57
39.189.248.247

/index.php
/controller/static load fail.
2018-06-13 21:37:00
39.189.248.247

/index.php
/controller/static load fail.
2018-06-13 21:37:00
39.189.248.247

/index.php
/controller/static load fail.
2018-06-13 21:37:00
39.189.248.247

/index.php
/controller/static load fail.
2018-06-13 21:37:00
39.189.248.247

/index.php
/controller/static load fail.
2018-06-13 21:38:24
39.189.248.247

/index.php
/controller/static load fail.
2018-06-13 21:38:24
39.189.248.247

/index.php
/controller/static load fail.
2018-06-13 21:38:24
39.189.248.247

/index.php
/controller/static load fail.
2018-06-13 21:38:24
39.189.248.247

/index.php
/controller/static load fail.
2018-06-13 21:38:26
39.189.248.247

/index.php
/controller/static load fail.
2018-06-13 21:38:26
39.189.248.247

/index.php
/controller/static load fail.
2018-06-13 21:38:26
39.189.248.247

/index.php
/controller/static load fail.
2018-06-13 21:38:26
39.189.248.247

/index.php
/controller/static load fail.
2018-06-13 21:38:26
39.189.248.247

/index.php
/controller/static load fail.
2018-06-13 21:38:26
39.189.248.247

/index.php
/controller/static load fail.
2018-06-13 21:38:26
39.189.248.247

/index.php
/controller/static load fail.
2018-06-13 21:38:26
39.189.248.247

/index.php
/controller/static load fail.
2018-06-13 21:38:28
39.189.248.247

/index.php
/controller/static load fail.
2018-06-13 21:38:28
39.189.248.247

/index.php
/controller/static load fail.
2018-06-13 21:38:28
39.189.248.247

/index.php
/controller/static load fail.
2018-06-13 21:38:28
39.189.248.247

/index.php
/controller/static load fail.
2018-06-13 21:38:33
39.189.248.247

/index.php
/controller/static load fail.
2018-06-13 21:38:33
39.189.248.247

/index.php
/controller/static load fail.
2018-06-13 21:38:33
39.189.248.247

/index.php
/controller/static load fail.
2018-06-13 21:38:33
39.189.248.247

/index.php
/controller/static load fail.
2018-06-13 21:38:34
39.189.248.247

/index.php
/controller/static load fail.
2018-06-13 21:38:34
39.189.248.247

/index.php
/controller/static load fail.
2018-06-13 21:38:34
39.189.248.247

/index.php
/controller/static load fail.
2018-06-13 21:38:34
39.189.248.247

/index.php
/controller/static load fail.
2018-06-13 21:38:35
39.189.248.247

/index.php
/controller/static load fail.
2018-06-13 21:38:35
39.189.248.247

/index.php
/controller/static load fail.
2018-06-13 21:38:35
39.189.248.247

/index.php
/controller/static load fail.
2018-06-13 21:38:35
39.189.248.247

/index.php
/controller/script load fail.
2018-06-13 21:44:00
39.189.248.247

/index.php
/controller/js load fail.
2018-06-13 21:44:02
39.189.248.247

/index.php
/controller/static load fail.
2018-06-13 21:44:21
39.189.248.247

/index.php
/controller/static load fail.
2018-06-13 21:44:21
39.189.248.247

/index.php
/controller/static load fail.
2018-06-13 21:44:21
39.189.248.247

/index.php
/controller/static load fail.
2018-06-13 21:44:22
39.189.248.247

/index.php
/controller/js load fail.
2018-06-13 21:44:25
39.189.248.247

/index.php
/controller/static load fail.
2018-06-13 21:44:45
39.189.248.247

/index.php
/controller/static load fail.
2018-06-13 21:44:45
39.189.248.247

/index.php
/controller/static load fail.
2018-06-13 21:44:45
39.189.248.247

/index.php
/controller/static load fail.
2018-06-13 21:44:46
39.189.248.247

/index.php
/controller/static load fail.
2018-06-13 21:44:51
39.189.248.247

/index.php
/controller/static load fail.
2018-06-13 21:45:05
39.189.248.247

/index.php
/controller/static load fail.
2018-06-13 21:45:07
39.189.248.247

/index.php
/controller/static load fail.
2018-06-13 21:45:08
39.189.248.247

/index.php
/controller/static load fail.
2018-06-13 21:45:09
39.189.248.247

/index.php
/controller/static load fail.
2018-06-13 21:45:09
39.189.248.247

/index.php
/controller/static load fail.
2018-06-13 21:45:16
39.189.248.247

/index.php
/controller/static load fail.
2018-06-13 21:45:17
39.189.248.247

/index.php
/controller/static load fail.
2018-06-13 21:45:17
39.189.248.247

/index.php
/controller/static load fail.
2018-06-13 21:45:18
39.189.248.247

/index.php
/controller/static load fail.
2018-06-13 21:45:24
39.189.248.247

/index.php
/controller/static load fail.
2018-06-13 21:45:26
39.189.248.247

/index.php
/controller/static load fail.
2018-06-13 21:45:30
39.189.248.247

/index.php
/controller/static load fail.
2018-06-13 21:45:30
39.189.248.247

/index.php
/controller/static load fail.
2018-06-13 21:45:30
39.189.248.247

/index.php
/controller/static load fail.
2018-06-13 21:45:30
39.189.248.247

/index.php
/controller/static load fail.
2018-06-13 21:45:35
39.189.248.247

/index.php
/controller/static load fail.
2018-06-13 21:45:35
39.189.248.247

/index.php
/controller/static load fail.
2018-06-13 21:45:35
39.189.248.247

/index.php
/controller/static load fail.
2018-06-13 21:45:35
39.189.248.247

/index.php
/controller/static load fail.
2018-06-13 21:46:22
39.189.248.247

/index.php
/controller/static load fail.
2018-06-13 21:46:22
39.189.248.247

/index.php
/controller/static load fail.
2018-06-13 21:46:22
39.189.248.247

/index.php
/controller/static load fail.
2018-06-13 21:46:22
39.189.248.247

/index.php
/controller/pay load fail.
2018-06-13 21:47:21
110.75.248.150

/index.php
/controller/static load fail.
2018-06-13 21:47:28
39.189.248.247

/index.php
/controller/static load fail.
2018-06-13 21:47:32
39.189.248.247

/index.php
/controller/pay load fail.
2018-06-13 21:47:33
39.189.248.247

/index.php
/controller/static load fail.
2018-06-13 21:47:52
39.189.248.247

/index.php
/controller/static load fail.
2018-06-13 21:47:58
39.189.248.247

/index.php
/controller/static load fail.
2018-06-13 21:48:02
39.189.248.247

/index.php
/controller/pay load fail.
2018-06-13 21:48:18
39.189.248.247

/index.php
/controller/pay load fail.
2018-06-13 21:48:41
39.189.248.247

/index.php
/controller/static load fail.
2018-06-13 21:49:50
39.189.248.247

/index.php
/controller/static load fail.
2018-06-13 21:49:52
39.189.248.247

/index.php
/controller/static load fail.
2018-06-13 21:49:53
39.189.248.247

/index.php
/controller/static load fail.
2018-06-13 21:49:57
39.189.248.247

/index.php
/controller/static load fail.
2018-06-13 21:49:58
39.189.248.247

/index.php
/controller/pay load fail.
2018-06-13 21:51:10
110.75.248.167

/index.php
/controller/pay load fail.
2018-06-13 21:51:41
110.75.248.113

/index.php
/controller/static load fail.
2018-06-13 21:51:56
39.189.248.247

/index.php
/controller/pay load fail.
2018-06-13 21:51:57
39.189.248.247

/index.php
/controller/static load fail.
2018-06-13 21:52:01
39.189.248.247

/index.php
/controller/static load fail.
2018-06-13 21:52:04
39.189.248.247

/index.php
/controller/static load fail.
2018-06-13 21:52:06
39.189.248.247

/index.php
/controller/pay load fail.
2018-06-13 21:52:13
39.189.248.247

/index.php
/controller/script load fail.
2018-06-13 21:53:18
39.189.248.247

/index.php
/controller/script load fail.
2018-06-13 21:53:20
39.189.248.247

/index.php
/controller/static load fail.
2018-06-13 21:53:21
39.189.248.247

/index.php
/controller/static load fail.
2018-06-13 21:53:23
39.189.248.247

/index.php
/controller/js load fail.
2018-06-13 21:53:24
39.189.248.247

/index.php
/controller/static load fail.
2018-06-13 21:54:24
39.189.248.247

/index.php
/controller/static load fail.
2018-06-13 21:54:30
39.189.248.247

/index.php
/controller/static load fail.
2018-06-13 21:54:31
39.189.248.247

/index.php
/controller/script load fail.
2018-06-13 21:56:24
39.189.248.247

/index.php
/controller/script load fail.
2018-06-13 21:57:02
61.129.6.110

/index.php
/controller/js load fail.
2018-06-13 21:57:04
61.129.6.114

/index.php
/controller/script load fail.
2018-06-13 21:57:20
61.129.6.110

/index.php
/controller/demo load fail.
2018-06-13 21:57:21
39.189.248.247

/index.php
/controller/demo load fail.
2018-06-13 21:59:44
39.189.248.247

/index.php
/controller/demo load fail.
2018-06-13 21:59:45
39.189.248.247

/index.php
/controller/demo load fail.
2018-06-13 21:59:53
39.189.248.247

/index.php
/controller/demo load fail.
2018-06-13 22:02:09
39.189.248.247

/index.php
/controller/demo load fail.
2018-06-13 22:02:10
39.189.248.247

/index.php
/controller/script load fail.
2018-06-13 22:05:47
39.189.248.247

/index.php
/controller/static load fail.
2018-06-13 22:05:49
39.189.248.247

/index.php
/controller/static load fail.
2018-06-13 22:05:49
39.189.248.247

/index.php
/controller/static load fail.
2018-06-13 22:05:49
39.189.248.247

/index.php
/controller/static load fail.
2018-06-13 22:05:49
39.189.248.247

/index.php
/controller/static load fail.
2018-06-13 22:05:52
39.189.248.247

/index.php
/controller/static load fail.
2018-06-13 22:05:52
39.189.248.247

/index.php
/controller/static load fail.
2018-06-13 22:05:52
39.189.248.247

/index.php
/controller/static load fail.
2018-06-13 22:05:52
39.189.248.247

/index.php
/controller/static load fail.
2018-06-13 22:06:23
39.189.248.247

/index.php
/controller/static load fail.
2018-06-13 22:06:23
39.189.248.247

/index.php
/controller/static load fail.
2018-06-13 22:06:24
39.189.248.247

/index.php
/controller/static load fail.
2018-06-13 22:06:25
39.189.248.247

/index.php
/controller/static load fail.
2018-06-13 22:06:45
39.189.248.247

/index.php
/controller/static load fail.
2018-06-13 22:06:45
39.189.248.247

/index.php
/controller/static load fail.
2018-06-13 22:06:45
39.189.248.247

/index.php
/controller/static load fail.
2018-06-13 22:06:46
39.189.248.247

/index.php
/controller/static load fail.
2018-06-13 22:07:00
39.189.248.247

/index.php
/controller/static load fail.
2018-06-13 22:07:00
39.189.248.247

/index.php
/controller/static load fail.
2018-06-13 22:07:01
39.189.248.247

/index.php
/controller/static load fail.
2018-06-13 22:07:01
39.189.248.247

/index.php
/controller/static load fail.
2018-06-13 22:07:09
39.189.248.247

/index.php
/controller/static load fail.
2018-06-13 22:07:09
39.189.248.247

/index.php
/controller/static load fail.
2018-06-13 22:07:09
39.189.248.247

/index.php
/controller/static load fail.
2018-06-13 22:07:09
39.189.248.247

/index.php
/controller/static load fail.
2018-06-13 22:07:10
39.189.248.247

/index.php
/controller/static load fail.
2018-06-13 22:07:11
39.189.248.247

/index.php
/controller/static load fail.
2018-06-13 22:07:26
39.189.248.247

/index.php
/controller/static load fail.
2018-06-13 22:07:26
39.189.248.247

/index.php
/controller/static load fail.
2018-06-13 22:07:27
39.189.248.247

/index.php
/controller/static load fail.
2018-06-13 22:07:27
39.189.248.247

/index.php
/controller/static load fail.
2018-06-13 22:07:27
39.189.248.247

/index.php
/controller/static load fail.
2018-06-13 22:07:33
39.189.248.247

/index.php
/controller/demo load fail.
2018-06-13 22:07:55
39.189.248.247

/index.php
/controller/demo load fail.
2018-06-13 22:11:03
39.189.248.247

/index.php
/controller/pay load fail.
2018-06-13 22:11:13
110.75.248.219

/index.php
/controller/pay load fail.
2018-06-13 22:11:15
39.189.248.247

/index.php
/controller/pay load fail.
2018-06-13 22:11:42
122.114.163.52

/index.php
/controller/pay load fail.
2018-06-13 22:11:58
39.189.248.247

/index.php
/controller/pay load fail.
2018-06-13 22:12:00
39.189.248.247

/index.php
/controller/demo load fail.
2018-06-13 22:12:03
39.189.248.247

/index.php
/controller/static load fail.
2018-06-13 22:12:31
39.189.248.247

/index.php
/controller/static load fail.
2018-06-13 22:12:31
39.189.248.247

/index.php
/controller/static load fail.
2018-06-13 22:12:31
39.189.248.247

/index.php
/controller/static load fail.
2018-06-13 22:12:31
39.189.248.247

/index.php
/controller/pay load fail.
2018-06-13 22:15:46
110.75.248.105

/index.php
/controller/script load fail.
2018-06-13 22:16:44
39.189.248.247

/index.php
/controller/script load fail.
2018-06-13 22:16:59
39.189.248.247

/index.php
/controller/script load fail.
2018-06-13 22:18:14
39.189.248.247

/index.php
/controller/script load fail.
2018-06-13 22:18:15
39.189.248.247

/index.php
/controller/script load fail.
2018-06-13 22:18:16
39.189.248.247

/index.php
/controller/script load fail.
2018-06-13 22:18:16
39.189.248.247

/index.php
/controller/script load fail.
2018-06-13 22:18:16
39.189.248.247

/index.php
/controller/script load fail.
2018-06-13 22:18:16
39.189.248.247

/index.php
/controller/script load fail.
2018-06-13 22:18:16
39.189.248.247

/index.php
/controller/script load fail.
2018-06-13 22:18:17
39.189.248.247

/index.php
/controller/script load fail.
2018-06-13 22:18:17
39.189.248.247

/index.php
/controller/script load fail.
2018-06-13 22:18:17
39.189.248.247

/index.php
/controller/script load fail.
2018-06-13 22:18:58
39.189.248.247

/index.php
/controller/script load fail.
2018-06-13 22:19:45
39.189.248.247

/index.php
/controller/script load fail.
2018-06-13 22:19:46
39.189.248.247

/index.php
/controller/script load fail.
2018-06-13 22:20:00
39.189.248.247

/index.php
/controller/script load fail.
2018-06-13 22:20:03
39.189.248.247

/index.php
/controller/script load fail.
2018-06-13 22:20:09
39.189.248.247

/index.php
/controller/script load fail.
2018-06-13 22:21:25
39.189.248.247

/index.php
/controller/script load fail.
2018-06-13 22:22:32
39.189.248.247

/index.php
/controller/script load fail.
2018-06-13 22:22:57
39.189.248.247

/index.php
/controller/script load fail.
2018-06-13 22:22:58
39.189.248.247

/index.php
/controller/pay load fail.
2018-06-13 22:25:12
110.75.248.28

/index.php
/controller/script load fail.
2018-06-13 22:26:45
39.189.248.247

/index.php
/controller/script load fail.
2018-06-13 22:33:29
39.189.248.247

/index.php
/controller/script load fail.
2018-06-13 22:33:38
39.189.248.247

/index.php
/controller/script load fail.
2018-06-13 22:33:40
39.189.248.247

/index.php
/controller/js load fail.
2018-06-13 22:33:45
39.189.248.247

/index.php
/controller/xdzf load fail.
2018-06-13 22:34:52
39.189.248.247

/index.php
/controller/admfor035/assets load fail.
2018-06-13 22:34:56
39.189.248.247

/index.php
/controller/pay load fail.
2018-06-13 22:35:40
110.75.248.189

/index.php
/controller/script load fail.
2018-06-13 22:37:40
39.189.248.247

/index.php
/controller/js load fail.
2018-06-13 22:44:39
61.129.6.114

/index.php
/controller/static load fail.
2018-06-13 22:45:00
39.189.248.247

/index.php
/controller/static load fail.
2018-06-13 22:45:00
39.189.248.247

/index.php
/controller/static load fail.
2018-06-13 22:45:01
39.189.248.247

/index.php
/controller/static load fail.
2018-06-13 22:45:01
39.189.248.247

/index.php
/controller/js load fail.
2018-06-13 22:45:32
39.189.248.247

/index.php
/controller/script load fail.
2018-06-13 22:55:53
139.214.246.9

/index.php
/controller/js load fail.
2018-06-13 22:56:06
139.214.246.9

/index.php
/controller/js load fail.
2018-06-13 22:56:17
139.214.246.9

/index.php
/controller/js load fail.
2018-06-13 22:56:22
139.214.246.9

/index.php
/controller/2018new load fail.
2018-06-13 22:58:03
139.214.246.9

/index.php
/controller/js load fail.
2018-06-13 22:58:11
139.214.246.9

/index.php
/controller/2018new load fail.
2018-06-13 22:59:04
140.207.54.197

/index.php
/controller/script load fail.
2018-06-13 23:00:33
39.189.248.247

/index.php
/controller/static load fail.
2018-06-13 23:00:37
39.189.248.247

/index.php
/controller/static load fail.
2018-06-13 23:00:37
39.189.248.247

/index.php
/controller/static load fail.
2018-06-13 23:00:37
39.189.248.247

/index.php
/controller/static load fail.
2018-06-13 23:00:37
39.189.248.247

/index.php
/controller/js load fail.
2018-06-13 23:00:40
39.189.248.247

/index.php
/controller/js load fail.
2018-06-13 23:01:19
139.214.246.9

/index.php
/controller/script load fail.
2018-06-13 23:01:25
39.189.248.247

/index.php
/controller/admfor035/assets load fail.
2018-06-13 23:01:58
39.189.248.247

/index.php
/controller/script load fail.
2018-06-13 23:09:43
139.214.246.9

/index.php
/controller/js load fail.
2018-06-13 23:09:48
139.214.246.9

/index.php
/controller/js load fail.
2018-06-13 23:11:43
139.214.246.9

/index.php
/controller/js load fail.
2018-06-13 23:12:06
61.151.178.179

/index.php
/controller/static load fail.
2018-06-13 23:14:26
139.214.246.9

/index.php
/controller/static load fail.
2018-06-13 23:14:26
139.214.246.9

/index.php
/controller/static load fail.
2018-06-13 23:14:26
139.214.246.9

/index.php
/controller/static load fail.
2018-06-13 23:14:26
139.214.246.9

/index.php
/controller/static load fail.
2018-06-13 23:15:26
58.247.204.63

/index.php
/controller/script load fail.
2018-06-13 23:16:46
61.151.218.118

/index.php
/controller/js load fail.
2018-06-13 23:16:47
61.151.218.118

/index.php
/controller/static load fail.
2018-06-13 23:18:26
139.214.246.9

/index.php
/controller/static load fail.
2018-06-13 23:18:26
139.214.246.9

/index.php
/controller/static load fail.
2018-06-13 23:18:26
139.214.246.9

/index.php
/controller/static load fail.
2018-06-13 23:18:26
139.214.246.9

/index.php
/controller/static load fail.
2018-06-13 23:18:28
139.214.246.9

/index.php
/controller/static load fail.
2018-06-13 23:18:28
139.214.246.9

/index.php
/controller/static load fail.
2018-06-13 23:18:28
139.214.246.9

/index.php
/controller/static load fail.
2018-06-13 23:18:28
139.214.246.9

/index.php
/controller/static load fail.
2018-06-13 23:18:55
139.214.246.9

/index.php
/controller/static load fail.
2018-06-13 23:18:55
139.214.246.9

/index.php
/controller/static load fail.
2018-06-13 23:18:56
139.214.246.9

/index.php
/controller/static load fail.
2018-06-13 23:18:56
139.214.246.9

/index.php
/controller/static load fail.
2018-06-13 23:19:00
139.214.246.9

/index.php
/controller/static load fail.
2018-06-13 23:19:00
139.214.246.9

/index.php
/controller/static load fail.
2018-06-13 23:19:00
139.214.246.9

/index.php
/controller/static load fail.
2018-06-13 23:19:00
139.214.246.9

/index.php
/controller/static load fail.
2018-06-13 23:19:26
223.167.152.22

/index.php
/controller/static load fail.
2018-06-13 23:22:43
139.214.246.9

/index.php
/controller/static load fail.
2018-06-13 23:22:43
139.214.246.9

/index.php
/controller/static load fail.
2018-06-13 23:22:43
139.214.246.9

/index.php
/controller/static load fail.
2018-06-13 23:22:43
139.214.246.9

/index.php
/controller/script load fail.
2018-06-13 23:24:26
39.189.248.247

/index.php
/controller/js load fail.
2018-06-13 23:24:31
39.189.248.247

/index.php
/controller/script load fail.
2018-06-13 23:27:08
39.189.248.247

/index.php
/controller/js load fail.
2018-06-13 23:27:11
39.189.248.247

/index.php
/controller/pay load fail.
2018-06-13 23:35:48
110.75.248.169

/index.php
/controller/static load fail.
2018-06-13 23:44:30
39.189.248.247

/index.php
/controller/static load fail.
2018-06-13 23:44:30
39.189.248.247

/index.php
/controller/static load fail.
2018-06-13 23:44:30
39.189.248.247

/index.php
/controller/static load fail.
2018-06-13 23:44:30
39.189.248.247

/index.php
/controller/static load fail.
2018-06-13 23:44:41
39.189.248.247

/index.php
/controller/static load fail.
2018-06-13 23:44:41
39.189.248.247

/index.php
/controller/static load fail.
2018-06-13 23:44:42
39.189.248.247

/index.php
/controller/static load fail.
2018-06-13 23:44:42
39.189.248.247

/index.php
/controller/script load fail.
2018-06-13 23:44:48
39.189.248.247

/index.php
/controller/static load fail.
2018-06-13 23:44:50
39.189.248.247

/index.php
/controller/static load fail.
2018-06-13 23:44:50
39.189.248.247

/index.php
/controller/static load fail.
2018-06-13 23:44:50
39.189.248.247

/index.php
/controller/static load fail.
2018-06-13 23:44:50
39.189.248.247

/index.php
/controller/js load fail.
2018-06-13 23:44:55
39.189.248.247

/index.php
/controller/static load fail.
2018-06-13 23:45:26
39.189.248.247

/index.php
/controller/static load fail.
2018-06-13 23:45:26
39.189.248.247

/index.php
/controller/static load fail.
2018-06-13 23:45:26
39.189.248.247

/index.php
/controller/static load fail.
2018-06-13 23:45:26
39.189.248.247

/index.php
/controller/static load fail.
2018-06-13 23:45:34
39.189.248.247

/index.php
/controller/static load fail.
2018-06-13 23:45:34
39.189.248.247

/index.php
/controller/static load fail.
2018-06-13 23:45:34
39.189.248.247

/index.php
/controller/static load fail.
2018-06-13 23:45:34
39.189.248.247

